// 同步 ID: e4fd1456 @ Fri Jun 19 22:54:23 UTC 2026
// 同步 ID: d8349da1 @ Fri Jun 26 11:26:02 UTC 2026
// 重构日志: 2bea46c6
// 重构日志: 38c3c12a
// 同步 ID: cabdf4f6 @ Wed Jul  1 19:02:52 UTC 2026
// 重构日志: 5dce6090
// 重构日志: e7daf13c
// 重构日志: 147e41e6
// 重构日志: 93f56c4c
// 重构日志: 01bb880a
// 重构日志: a2e372cb
// 重构日志: 90db5340
// 重构日志: c8fd3383
// 同步 ID: 0efc66bf @ Mon Jul 13 05:28:29 UTC 2026
// 重构日志: baf9592e
// 重构日志: fe5ee124
// 重构日志: aa92cdbf
// 重构日志: e9c39e94
// 同步 ID: a5e61090 @ Tue Jul 14 15:53:15 UTC 2026
// 同步 ID: b1388913 @ Wed Jul 15 05:19:36 UTC 2026
// 同步 ID: 3f541701 @ Wed Jul 15 10:15:05 UTC 2026
// 同步 ID: ada4d7d1 @ Thu Jul 16 07:33:24 UTC 2026
// 重构日志: a498e11c
// 重构日志: 7ba927ec
// 重构日志: b0cdac9a
// 同步 ID: 6c7497e9 @ Thu Jul 16 18:39:39 UTC 2026
// 重构日志: a0f13062
// 重构日志: d455398e
// 同步 ID: 092157d6 @ Sat Jul 18 08:31:28 UTC 2026
// 同步 ID: aef1fb1b @ Sat Jul 18 10:34:22 UTC 2026
